2023-10-10 11:54:38,819 WARNING database DDL Query made to DB:
create table `tabRetention Bonus` (
			name varchar(140) primary key,
			creation datetime(6),
			modified datetime(6),
			modified_by varchar(140),
			owner varchar(140),
			docstatus int(1) not null default '0',
			idx int(8) not null default '0',
			`employee` varchar(140),
`employee_name` varchar(140),
`department` varchar(140),
`company` varchar(140),
`date_of_joining` varchar(140),
`salary_component` varchar(140),
`bonus_amount` decimal(21,9) not null default 0,
`bonus_payment_date` date,
`currency` varchar(140),
`amended_from` varchar(140),
`_user_tags` text,
`_comments` text,
`_assign` text,
`_liked_by` text,

			index modified(modified))
			ENGINE=InnoDB
			ROW_FORMAT=DYNAMIC
			CHARACTER SET=utf8mb4
			COLLATE=utf8mb4_unicode_ci
2023-10-10 11:54:38,935 WARNING database DDL Query made to DB:
create table `tabTaxable Salary Slab` (
			name varchar(140) primary key,
			creation datetime(6),
			modified datetime(6),
			modified_by varchar(140),
			owner varchar(140),
			docstatus int(1) not null default '0',
			idx int(8) not null default '0',
			`from_amount` decimal(21,9) not null default 0,
`to_amount` decimal(21,9) not null default 0,
`percent_deduction` decimal(21,9) not null default 0,
`condition` longtext,
parent varchar(140),
parentfield varchar(140),
parenttype varchar(140),
index parent(parent),

			index modified(modified))
			ENGINE=InnoDB
			ROW_FORMAT=DYNAMIC
			CHARACTER SET=utf8mb4
			COLLATE=utf8mb4_unicode_ci
2023-10-10 11:54:39,041 WARNING database DDL Query made to DB:
create table `tabEmployee Benefit Claim` (
			name varchar(140) primary key,
			creation datetime(6),
			modified datetime(6),
			modified_by varchar(140),
			owner varchar(140),
			docstatus int(1) not null default '0',
			idx int(8) not null default '0',
			`employee` varchar(140),
`employee_name` varchar(140),
`department` varchar(140),
`claim_date` date,
`currency` varchar(140),
`company` varchar(140),
`amended_from` varchar(140),
`earning_component` varchar(140),
`max_amount_eligible` decimal(21,9) not null default 0,
`pay_against_benefit_claim` int(1) not null default 0,
`claimed_amount` decimal(21,9) not null default 0,
`salary_slip` varchar(140),
`attachments` text,
`_user_tags` text,
`_comments` text,
`_assign` text,
`_liked_by` text,

			index modified(modified))
			ENGINE=InnoDB
			ROW_FORMAT=DYNAMIC
			CHARACTER SET=utf8mb4
			COLLATE=utf8mb4_unicode_ci
2023-10-10 11:54:39,137 WARNING database DDL Query made to DB:
create table `tabPayroll Period` (
			name varchar(140) primary key,
			creation datetime(6),
			modified datetime(6),
			modified_by varchar(140),
			owner varchar(140),
			docstatus int(1) not null default '0',
			idx int(8) not null default '0',
			`company` varchar(140),
`start_date` date,
`end_date` date,
`_user_tags` text,
`_comments` text,
`_assign` text,
`_liked_by` text,

			index modified(modified))
			ENGINE=InnoDB
			ROW_FORMAT=DYNAMIC
			CHARACTER SET=utf8mb4
			COLLATE=utf8mb4_unicode_ci
2023-10-10 11:54:39,258 WARNING database DDL Query made to DB:
create table `tabEmployee Tax Exemption Proof Submission Detail` (
			name varchar(140) primary key,
			creation datetime(6),
			modified datetime(6),
			modified_by varchar(140),
			owner varchar(140),
			docstatus int(1) not null default '0',
			idx int(8) not null default '0',
			`exemption_sub_category` varchar(140),
`exemption_category` varchar(140),
`max_amount` decimal(21,9) not null default 0,
`type_of_proof` varchar(140),
`amount` decimal(21,9) not null default 0,
parent varchar(140),
parentfield varchar(140),
parenttype varchar(140),
index parent(parent),

			index modified(modified))
			ENGINE=InnoDB
			ROW_FORMAT=DYNAMIC
			CHARACTER SET=utf8mb4
			COLLATE=utf8mb4_unicode_ci
2023-10-10 11:54:39,345 WARNING database DDL Query made to DB:
create table `tabPayroll Employee Detail` (
			name varchar(140) primary key,
			creation datetime(6),
			modified datetime(6),
			modified_by varchar(140),
			owner varchar(140),
			docstatus int(1) not null default '0',
			idx int(8) not null default '0',
			`employee` varchar(140),
`employee_name` varchar(140),
`department` varchar(140),
`designation` varchar(140),
parent varchar(140),
parentfield varchar(140),
parenttype varchar(140),
index parent(parent),

			index modified(modified))
			ENGINE=InnoDB
			ROW_FORMAT=DYNAMIC
			CHARACTER SET=utf8mb4
			COLLATE=utf8mb4_unicode_ci
2023-10-10 11:54:39,460 WARNING database DDL Query made to DB:
create table `tabIncome Tax Slab Other Charges` (
			name varchar(140) primary key,
			creation datetime(6),
			modified datetime(6),
			modified_by varchar(140),
			owner varchar(140),
			docstatus int(1) not null default '0',
			idx int(8) not null default '0',
			`description` varchar(140),
`percent` decimal(21,9) not null default 0,
`min_taxable_income` decimal(21,9) not null default 0,
`max_taxable_income` decimal(21,9) not null default 0,
parent varchar(140),
parentfield varchar(140),
parenttype varchar(140),
index parent(parent),

			index modified(modified))
			ENGINE=InnoDB
			ROW_FORMAT=DYNAMIC
			CHARACTER SET=utf8mb4
			COLLATE=utf8mb4_unicode_ci
2023-10-10 11:54:39,566 WARNING database DDL Query made to DB:
create table `tabEmployee Tax Exemption Proof Submission` (
			name varchar(140) primary key,
			creation datetime(6),
			modified datetime(6),
			modified_by varchar(140),
			owner varchar(140),
			docstatus int(1) not null default '0',
			idx int(8) not null default '0',
			`employee` varchar(140),
`employee_name` varchar(140),
`department` varchar(140),
`currency` varchar(140),
`amended_from` varchar(140),
`submission_date` date,
`payroll_period` varchar(140),
`company` varchar(140),
`total_actual_amount` decimal(21,9) not null default 0,
`exemption_amount` decimal(21,9) not null default 0,
`attachments` text,
`_user_tags` text,
`_comments` text,
`_assign` text,
`_liked_by` text,

			index modified(modified))
			ENGINE=InnoDB
			ROW_FORMAT=DYNAMIC
			CHARACTER SET=utf8mb4
			COLLATE=utf8mb4_unicode_ci
2023-10-10 11:54:39,703 WARNING database DDL Query made to DB:
create table `tabSalary Detail` (
			name varchar(140) primary key,
			creation datetime(6),
			modified datetime(6),
			modified_by varchar(140),
			owner varchar(140),
			docstatus int(1) not null default '0',
			idx int(8) not null default '0',
			`salary_component` varchar(140),
`abbr` varchar(140),
`amount` decimal(21,9) not null default 0,
`year_to_date` decimal(21,9) not null default 0,
`additional_salary` varchar(140),
`is_recurring_additional_salary` int(1) not null default 0,
`statistical_component` int(1) not null default 0,
`depends_on_payment_days` int(1) not null default 0,
`exempted_from_income_tax` int(1) not null default 0,
`is_tax_applicable` int(1) not null default 0,
`is_flexible_benefit` int(1) not null default 0,
`variable_based_on_taxable_salary` int(1) not null default 0,
`do_not_include_in_total` int(1) not null default 0,
`deduct_full_tax_on_selected_payroll_date` int(1) not null default 0,
`condition` longtext,
`amount_based_on_formula` int(1) not null default 0,
`formula` longtext,
`default_amount` decimal(21,9) not null default 0,
`additional_amount` decimal(21,9) not null default 0,
`tax_on_flexible_benefit` decimal(21,9) not null default 0,
`tax_on_additional_salary` decimal(21,9) not null default 0,
parent varchar(140),
parentfield varchar(140),
parenttype varchar(140),
index parent(parent),

			index modified(modified))
			ENGINE=InnoDB
			ROW_FORMAT=DYNAMIC
			CHARACTER SET=utf8mb4
			COLLATE=utf8mb4_unicode_ci
2023-10-10 11:54:39,867 WARNING database DDL Query made to DB:
create table `tabIncome Tax Slab` (
			name varchar(140) primary key,
			creation datetime(6),
			modified datetime(6),
			modified_by varchar(140),
			owner varchar(140),
			docstatus int(1) not null default '0',
			idx int(8) not null default '0',
			`disabled` int(1) not null default 0,
`effective_from` date,
`company` varchar(140),
`currency` varchar(140),
`standard_tax_exemption_amount` decimal(21,9) not null default 0,
`allow_tax_exemption` int(1) not null default 0,
`amended_from` varchar(140),
`_user_tags` text,
`_comments` text,
`_assign` text,
`_liked_by` text,

			index modified(modified))
			ENGINE=InnoDB
			ROW_FORMAT=DYNAMIC
			CHARACTER SET=utf8mb4
			COLLATE=utf8mb4_unicode_ci
2023-10-10 11:54:40,005 WARNING database DDL Query made to DB:
create table `tabSalary Component` (
			name varchar(140) primary key,
			creation datetime(6),
			modified datetime(6),
			modified_by varchar(140),
			owner varchar(140),
			docstatus int(1) not null default '0',
			idx int(8) not null default '0',
			`salary_component` varchar(140) unique,
`salary_component_abbr` varchar(140),
`type` varchar(140),
`description` text,
`depends_on_payment_days` int(1) not null default 1,
`is_tax_applicable` int(1) not null default 1,
`deduct_full_tax_on_selected_payroll_date` int(1) not null default 0,
`variable_based_on_taxable_salary` int(1) not null default 0,
`is_income_tax_component` int(1) not null default 0,
`exempted_from_income_tax` int(1) not null default 0,
`round_to_the_nearest_integer` int(1) not null default 0,
`statistical_component` int(1) not null default 0,
`do_not_include_in_total` int(1) not null default 0,
`remove_if_zero_valued` int(1) not null default 1,
`disabled` int(1) not null default 0,
`condition` longtext,
`amount` decimal(21,9) not null default 0,
`amount_based_on_formula` int(1) not null default 0,
`formula` longtext,
`is_flexible_benefit` int(1) not null default 0,
`max_benefit_amount` decimal(21,9) not null default 0,
`pay_against_benefit_claim` int(1) not null default 0,
`only_tax_impact` int(1) not null default 0,
`create_separate_payment_entry_against_benefit_claim` int(1) not null default 0,
`_user_tags` text,
`_comments` text,
`_assign` text,
`_liked_by` text,
index `variable_based_on_taxable_salary`(`variable_based_on_taxable_salary`),

			index modified(modified))
			ENGINE=InnoDB
			ROW_FORMAT=DYNAMIC
			CHARACTER SET=utf8mb4
			COLLATE=utf8mb4_unicode_ci
2023-10-10 11:54:40,131 WARNING database DDL Query made to DB:
create table `tabSalary Structure` (
			name varchar(140) primary key,
			creation datetime(6),
			modified datetime(6),
			modified_by varchar(140),
			owner varchar(140),
			docstatus int(1) not null default '0',
			idx int(8) not null default '0',
			`company` varchar(140),
`letter_head` varchar(140),
`is_active` varchar(140) default 'Yes',
`is_default` varchar(140) default 'No',
`currency` varchar(140),
`amended_from` varchar(140),
`leave_encashment_amount_per_day` decimal(21,9) not null default 0,
`max_benefits` decimal(21,9) not null default 0,
`salary_slip_based_on_timesheet` int(1) not null default 0,
`payroll_frequency` varchar(140) default 'Monthly',
`salary_component` varchar(140),
`hour_rate` decimal(21,9) not null default 0,
`total_earning` decimal(21,9) not null default 0,
`total_deduction` decimal(21,9) not null default 0,
`net_pay` decimal(21,9) not null default 0,
`mode_of_payment` varchar(140),
`payment_account` varchar(140),
`_user_tags` text,
`_comments` text,
`_assign` text,
`_liked_by` text,
index `salary_slip_based_on_timesheet`(`salary_slip_based_on_timesheet`),

			index modified(modified))
			ENGINE=InnoDB
			ROW_FORMAT=DYNAMIC
			CHARACTER SET=utf8mb4
			COLLATE=utf8mb4_unicode_ci
2023-10-10 11:54:40,239 WARNING database DDL Query made to DB:
create table `tabEmployee Other Income` (
			name varchar(140) primary key,
			creation datetime(6),
			modified datetime(6),
			modified_by varchar(140),
			owner varchar(140),
			docstatus int(1) not null default '0',
			idx int(8) not null default '0',
			`employee` varchar(140),
`employee_name` varchar(140),
`amended_from` varchar(140),
`company` varchar(140),
`payroll_period` varchar(140),
`source` varchar(140),
`amount` decimal(21,9) not null default 0,
`_user_tags` text,
`_comments` text,
`_assign` text,
`_liked_by` text,

			index modified(modified))
			ENGINE=InnoDB
			ROW_FORMAT=DYNAMIC
			CHARACTER SET=utf8mb4
			COLLATE=utf8mb4_unicode_ci
2023-10-10 11:54:40,328 WARNING database DDL Query made to DB:
create table `tabGratuity Applicable Component` (
			name varchar(140) primary key,
			creation datetime(6),
			modified datetime(6),
			modified_by varchar(140),
			owner varchar(140),
			docstatus int(1) not null default '0',
			idx int(8) not null default '0',
			`salary_component` varchar(140),
parent varchar(140),
parentfield varchar(140),
parenttype varchar(140),
index parent(parent),

			index modified(modified))
			ENGINE=InnoDB
			ROW_FORMAT=DYNAMIC
			CHARACTER SET=utf8mb4
			COLLATE=utf8mb4_unicode_ci
2023-10-10 11:54:40,406 WARNING database DDL Query made to DB:
create table `tabEmployee Tax Exemption Sub Category` (
			name varchar(140) primary key,
			creation datetime(6),
			modified datetime(6),
			modified_by varchar(140),
			owner varchar(140),
			docstatus int(1) not null default '0',
			idx int(8) not null default '0',
			`exemption_category` varchar(140),
`max_amount` decimal(21,9) not null default 0,
`is_active` int(1) not null default 1,
`_user_tags` text,
`_comments` text,
`_assign` text,
`_liked_by` text,

			index modified(modified))
			ENGINE=InnoDB
			ROW_FORMAT=DYNAMIC
			CHARACTER SET=utf8mb4
			COLLATE=utf8mb4_unicode_ci
2023-10-10 11:54:40,503 WARNING database DDL Query made to DB:
create table `tabEmployee Cost Center` (
			name varchar(140) primary key,
			creation datetime(6),
			modified datetime(6),
			modified_by varchar(140),
			owner varchar(140),
			docstatus int(1) not null default '0',
			idx int(8) not null default '0',
			`cost_center` varchar(140),
`percentage` int(11) not null default 0,
parent varchar(140),
parentfield varchar(140),
parenttype varchar(140),
index parent(parent),

			index modified(modified))
			ENGINE=InnoDB
			ROW_FORMAT=DYNAMIC
			CHARACTER SET=utf8mb4
			COLLATE=utf8mb4_unicode_ci
2023-10-10 11:54:40,612 WARNING database DDL Query made to DB:
create table `tabSalary Structure Assignment` (
			name varchar(140) primary key,
			creation datetime(6),
			modified datetime(6),
			modified_by varchar(140),
			owner varchar(140),
			docstatus int(1) not null default '0',
			idx int(8) not null default '0',
			`employee` varchar(140),
`employee_name` varchar(140),
`department` varchar(140),
`designation` varchar(140),
`grade` varchar(140),
`salary_structure` varchar(140),
`from_date` date,
`income_tax_slab` varchar(140),
`company` varchar(140),
`payroll_payable_account` varchar(140),
`currency` varchar(140),
`base` decimal(21,9) not null default 0,
`variable` decimal(21,9) not null default 0,
`amended_from` varchar(140),
`taxable_earnings_till_date` decimal(21,9) not null default 0,
`tax_deducted_till_date` decimal(21,9) not null default 0,
`_user_tags` text,
`_comments` text,
`_assign` text,
`_liked_by` text,
index `employee`(`employee`),
index `salary_structure`(`salary_structure`),

			index modified(modified))
			ENGINE=InnoDB
			ROW_FORMAT=DYNAMIC
			CHARACTER SET=utf8mb4
			COLLATE=utf8mb4_unicode_ci
2023-10-10 11:54:40,851 WARNING database DDL Query made to DB:
create table `tabAdditional Salary` (
			name varchar(140) primary key,
			creation datetime(6),
			modified datetime(6),
			modified_by varchar(140),
			owner varchar(140),
			docstatus int(1) not null default '0',
			idx int(8) not null default '0',
			`naming_series` varchar(140),
`employee` varchar(140),
`employee_name` varchar(140),
`department` varchar(140),
`company` varchar(140),
`is_recurring` int(1) not null default 0,
`disabled` int(1) not null default 0,
`from_date` date,
`to_date` date,
`payroll_date` date,
`amended_from` varchar(140),
`salary_component` varchar(140),
`type` varchar(140),
`currency` varchar(140),
`amount` decimal(21,9) not null default 0,
`deduct_full_tax_on_selected_payroll_date` int(1) not null default 0,
`overwrite_salary_structure_amount` int(1) not null default 1,
`ref_doctype` varchar(140),
`ref_docname` varchar(140),
`_user_tags` text,
`_comments` text,
`_assign` text,
`_liked_by` text,
index `employee`(`employee`),
index `payroll_date`(`payroll_date`),
index `salary_component`(`salary_component`),

			index modified(modified))
			ENGINE=InnoDB
			ROW_FORMAT=DYNAMIC
			CHARACTER SET=utf8mb4
			COLLATE=utf8mb4_unicode_ci
2023-10-10 11:54:41,039 WARNING database DDL Query made to DB:
create table `tabSalary Slip` (
			name varchar(140) primary key,
			creation datetime(6),
			modified datetime(6),
			modified_by varchar(140),
			owner varchar(140),
			docstatus int(1) not null default '0',
			idx int(8) not null default '0',
			`employee` varchar(140),
`employee_name` varchar(140),
`department` varchar(140),
`designation` varchar(140),
`branch` varchar(140),
`posting_date` date,
`letter_head` varchar(140),
`status` varchar(140),
`company` varchar(140),
`currency` varchar(140),
`exchange_rate` decimal(21,9) not null default 1.0,
`payroll_frequency` varchar(140),
`start_date` date,
`end_date` date,
`salary_structure` varchar(140),
`payroll_entry` varchar(140),
`mode_of_payment` varchar(140),
`salary_slip_based_on_timesheet` int(1) not null default 0,
`deduct_tax_for_unclaimed_employee_benefits` int(1) not null default 0,
`deduct_tax_for_unsubmitted_tax_exemption_proof` int(1) not null default 0,
`total_working_days` decimal(21,9) not null default 0,
`unmarked_days` decimal(21,9) not null default 0,
`leave_without_pay` decimal(21,9) not null default 0,
`absent_days` decimal(21,9) not null default 0,
`payment_days` decimal(21,9) not null default 0,
`total_working_hours` decimal(21,9) not null default 0,
`hour_rate` decimal(21,9) not null default 0,
`base_hour_rate` decimal(21,9) not null default 0,
`gross_pay` decimal(21,9) not null default 0,
`base_gross_pay` decimal(21,9) not null default 0,
`gross_year_to_date` decimal(21,9) not null default 0,
`base_gross_year_to_date` decimal(21,9) not null default 0,
`total_deduction` decimal(21,9) not null default 0,
`base_total_deduction` decimal(21,9) not null default 0,
`total_principal_amount` decimal(21,9) not null default 0,
`total_interest_amount` decimal(21,9) not null default 0,
`total_loan_repayment` decimal(21,9) not null default 0,
`net_pay` decimal(21,9) not null default 0,
`base_net_pay` decimal(21,9) not null default 0,
`rounded_total` decimal(21,9) not null default 0,
`base_rounded_total` decimal(21,9) not null default 0,
`year_to_date` decimal(21,9) not null default 0,
`base_year_to_date` decimal(21,9) not null default 0,
`month_to_date` decimal(21,9) not null default 0,
`base_month_to_date` decimal(21,9) not null default 0,
`total_in_words` varchar(240),
`base_total_in_words` varchar(240),
`ctc` decimal(21,9) not null default 0,
`income_from_other_sources` decimal(21,9) not null default 0,
`total_earnings` decimal(21,9) not null default 0,
`non_taxable_earnings` decimal(21,9) not null default 0,
`standard_tax_exemption_amount` decimal(21,9) not null default 0,
`tax_exemption_declaration` decimal(21,9) not null default 0,
`deductions_before_tax_calculation` decimal(21,9) not null default 0,
`annual_taxable_amount` decimal(21,9) not null default 0,
`income_tax_deducted_till_date` decimal(21,9) not null default 0,
`current_month_income_tax` decimal(21,9) not null default 0,
`future_income_tax_deductions` decimal(21,9) not null default 0,
`total_income_tax` decimal(21,9) not null default 0,
`journal_entry` varchar(140),
`amended_from` varchar(140),
`bank_name` varchar(140),
`bank_account_no` varchar(140),
`_user_tags` text,
`_comments` text,
`_assign` text,
`_liked_by` text,
index `employee`(`employee`),
index `salary_structure`(`salary_structure`),

			index modified(modified))
			ENGINE=InnoDB
			ROW_FORMAT=DYNAMIC
			CHARACTER SET=utf8mb4
			COLLATE=utf8mb4_unicode_ci
2023-10-10 11:54:41,147 WARNING database DDL Query made to DB:
create table `tabSalary Component Account` (
			name varchar(140) primary key,
			creation datetime(6),
			modified datetime(6),
			modified_by varchar(140),
			owner varchar(140),
			docstatus int(1) not null default '0',
			idx int(8) not null default '0',
			`company` varchar(140),
`account` varchar(140),
parent varchar(140),
parentfield varchar(140),
parenttype varchar(140),
index parent(parent),

			index modified(modified))
			ENGINE=InnoDB
			ROW_FORMAT=DYNAMIC
			CHARACTER SET=utf8mb4
			COLLATE=utf8mb4_unicode_ci
2023-10-10 11:54:44,635 WARNING database DDL Query made to DB:
ALTER TABLE `tabTask` ADD COLUMN `total_expense_claim` decimal(21,9) not null default 0
2023-10-10 11:54:44,656 WARNING database DDL Query made to DB:
ALTER TABLE `tabTask` MODIFY `actual_time` decimal(21,9) not null default 0, MODIFY `total_costing_amount` decimal(21,9) not null default 0, MODIFY `progress` decimal(21,9) not null default 0, MODIFY `task_weight` decimal(21,9) not null default 0, MODIFY `total_billing_amount` decimal(21,9) not null default 0
2023-10-10 11:54:44,775 WARNING database DDL Query made to DB:
ALTER TABLE `tabLoan` ADD COLUMN `repay_from_salary` int(1) not null default 0
2023-10-10 11:54:44,810 WARNING database DDL Query made to DB:
ALTER TABLE `tabLoan` MODIFY `debit_adjustment_amount` decimal(21,9) not null default 0, MODIFY `refund_amount` decimal(21,9) not null default 0, MODIFY `credit_adjustment_amount` decimal(21,9) not null default 0, MODIFY `written_off_amount` decimal(21,9) not null default 0, MODIFY `total_amount_paid` decimal(21,9) not null default 0, MODIFY `rate_of_interest` decimal(21,9) not null default 0, MODIFY `loan_amount` decimal(21,9) not null default 0, MODIFY `disbursed_amount` decimal(21,9) not null default 0, MODIFY `maximum_loan_amount` decimal(21,9) not null default 0, MODIFY `monthly_repayment_amount` decimal(21,9) not null default 0, MODIFY `total_principal_paid` decimal(21,9) not null default 0
2023-10-10 11:54:44,852 WARNING database DDL Query made to DB:
ALTER TABLE `tabTerms and Conditions` ADD COLUMN `hr` int(1) not null default 1
2023-10-10 11:54:44,906 WARNING database DDL Query made to DB:
ALTER TABLE `tabProject` ADD COLUMN `total_expense_claim` decimal(21,9) not null default 0
2023-10-10 11:54:44,935 WARNING database DDL Query made to DB:
ALTER TABLE `tabProject` MODIFY `total_costing_amount` decimal(21,9) not null default 0, MODIFY `total_purchase_cost` decimal(21,9) not null default 0, MODIFY `actual_time` decimal(21,9) not null default 0, MODIFY `total_billable_amount` decimal(21,9) not null default 0, MODIFY `total_consumed_material_cost` decimal(21,9) not null default 0, MODIFY `total_sales_amount` decimal(21,9) not null default 0, MODIFY `gross_margin` decimal(21,9) not null default 0, MODIFY `estimated_costing` decimal(21,9) not null default 0, MODIFY `total_billed_amount` decimal(21,9) not null default 0, MODIFY `percent_complete` decimal(21,9) not null default 0, MODIFY `per_gross_margin` decimal(21,9) not null default 0
2023-10-10 11:54:44,988 WARNING database DDL Query made to DB:
ALTER TABLE `tabLoan Repayment` ADD COLUMN `repay_from_salary` int(1) not null default 0, ADD COLUMN `process_payroll_accounting_entry_based_on_employee` int(1) not null default 0, ADD COLUMN `payroll_payable_account` varchar(140)
2023-10-10 11:54:45,005 WARNING database DDL Query made to DB:
ALTER TABLE `tabLoan Repayment` MODIFY `payable_principal_amount` decimal(21,9) not null default 0, MODIFY `penalty_amount` decimal(21,9) not null default 0, MODIFY `amount_paid` decimal(21,9) not null default 0, MODIFY `rate_of_interest` decimal(21,9) not null default 0, MODIFY `pending_principal_amount` decimal(21,9) not null default 0, MODIFY `total_penalty_paid` decimal(21,9) not null default 0, MODIFY `interest_payable` decimal(21,9) not null default 0, MODIFY `shortfall_amount` decimal(21,9) not null default 0, MODIFY `payable_amount` decimal(21,9) not null default 0, MODIFY `total_interest_paid` decimal(21,9) not null default 0
2023-10-10 11:54:45,082 WARNING database DDL Query made to DB:
ALTER TABLE `tabCompany` ADD COLUMN `default_expense_claim_payable_account` varchar(140), ADD COLUMN `default_employee_advance_account` varchar(140), ADD COLUMN `default_payroll_payable_account` varchar(140)
2023-10-10 11:54:45,093 WARNING database DDL Query made to DB:
ALTER TABLE `tabCompany` MODIFY `total_monthly_sales` decimal(21,9) not null default 0, MODIFY `credit_limit` decimal(21,9) not null default 0, MODIFY `monthly_sales_target` decimal(21,9) not null default 0
2023-10-10 11:54:45,147 WARNING database DDL Query made to DB:
ALTER TABLE `tabEmployee` ADD COLUMN `employment_type` varchar(140), ADD COLUMN `grade` varchar(140), ADD COLUMN `job_applicant` varchar(140), ADD COLUMN `default_shift` varchar(140), ADD COLUMN `expense_approver` varchar(140), ADD COLUMN `leave_approver` varchar(140), ADD COLUMN `shift_request_approver` varchar(140), ADD COLUMN `payroll_cost_center` varchar(140), ADD COLUMN `health_insurance_provider` varchar(140), ADD COLUMN `health_insurance_no` varchar(140)
2023-10-10 11:54:45,160 WARNING database DDL Query made to DB:
ALTER TABLE `tabEmployee` MODIFY `ctc` decimal(21,9) not null default 0
2023-10-10 11:54:45,216 WARNING database DDL Query made to DB:
ALTER TABLE `tabDepartment` ADD COLUMN `payroll_cost_center` varchar(140), ADD COLUMN `leave_block_list` varchar(140)
2023-10-10 11:54:45,258 WARNING database DDL Query made to DB:
ALTER TABLE `tabTimesheet` ADD COLUMN `salary_slip` varchar(140)
2023-10-10 11:54:45,269 WARNING database DDL Query made to DB:
ALTER TABLE `tabTimesheet` MODIFY `base_total_costing_amount` decimal(21,9) not null default 0, MODIFY `total_billed_amount` decimal(21,9) not null default 0, MODIFY `base_total_billed_amount` decimal(21,9) not null default 0, MODIFY `base_total_billable_amount` decimal(21,9) not null default 0, MODIFY `total_billed_hours` decimal(21,9) not null default 0, MODIFY `total_costing_amount` decimal(21,9) not null default 0, MODIFY `total_billable_hours` decimal(21,9) not null default 0, MODIFY `per_billed` decimal(21,9) not null default 0
2023-10-10 11:54:45,308 WARNING database DDL Query made to DB:
ALTER TABLE `tabDesignation` ADD COLUMN `appraisal_template` varchar(140)
